[2012-02-23 13:37:46] request.ERROR: Symfony\Component\HttpKernel\Exception\NotFoundHttpException: No route found for "GET /images/beach.jpg" (uncaught exception) at /home/aoe/workspace/symfony2/vendor/symfony/src/Symfony/Bundle/FrameworkBundle/EventListener/RouterListener.php line 83 [] []
[2012-02-23 13:37:47] request.ERROR: Symfony\Component\HttpKernel\Exception\NotFoundHttpException: No route found for "GET /images/one_or_zero.jpg" (uncaught exception) at /home/aoe/workspace/symfony2/vendor/symfony/src/Symfony/Bundle/FrameworkBundle/EventListener/RouterListener.php line 83 [] []
[2012-02-23 13:37:47] request.ERROR: Symfony\Component\HttpKernel\Exception\NotFoundHttpException: No route found for "GET /images/the_grid.jpg" (uncaught exception) at /home/aoe/workspace/symfony2/vendor/symfony/src/Symfony/Bundle/FrameworkBundle/EventListener/RouterListener.php line 83 [] []
[2012-02-23 13:37:47] request.ERROR: Symfony\Component\HttpKernel\Exception\NotFoundHttpException: No route found for "GET /images/misdirection.jpg" (uncaught exception) at /home/aoe/workspace/symfony2/vendor/symfony/src/Symfony/Bundle/FrameworkBundle/EventListener/RouterListener.php line 83 [] []
[2012-02-23 13:37:47] request.ERROR: Symfony\Component\HttpKernel\Exception\NotFoundHttpException: No route found for "GET /images/pool_leak.jpg" (uncaught exception) at /home/aoe/workspace/symfony2/vendor/symfony/src/Symfony/Bundle/FrameworkBundle/EventListener/RouterListener.php line 83 [] []
[2012-02-23 13:37:50] request.ERROR: Symfony\Component\HttpKernel\Exception\NotFoundHttpException: No route found for "GET /images/beach.jpg" (uncaught exception) at /home/aoe/workspace/symfony2/vendor/symfony/src/Symfony/Bundle/FrameworkBundle/EventListener/RouterListener.php line 83 [] []
[2012-02-23 13:37:58] request.ERROR: Symfony\Component\HttpKernel\Exception\NotFoundHttpException: No route found for "GET /images/pool_leak.jpg" (uncaught exception) at /home/aoe/workspace/symfony2/app/cache/prod/classes.php line 4564 [] []
[2012-02-23 13:45:57] request.ERROR: Symfony\Component\HttpKernel\Exception\NotFoundHttpException: No route found for "GET /images/pool_leak.jpg" (uncaught exception) at /home/aoe/workspace/symfony2/app/cache/prod/classes.php line 4564 [] []
[2012-02-23 13:50:09] request.ERROR: Symfony\Component\HttpKernel\Exception\NotFoundHttpException: No route found for "GET /images/pool_leak.jpg" (uncaught exception) at /home/aoe/workspace/symfony2/app/cache/prod/classes.php line 4564 [] []
[2012-02-23 13:50:12] request.ERROR: Symfony\Component\HttpKernel\Exception\NotFoundHttpException: No route found for "GET /images/pool_leak.jpg" (uncaught exception) at /home/aoe/workspace/symfony2/app/cache/prod/classes.php line 4564 [] []
[2012-02-23 13:50:21] request.ERROR: Symfony\Component\HttpKernel\Exception\NotFoundHttpException: No route found for "GET /images/pool_leak.jpg" (uncaught exception) at /home/aoe/workspace/symfony2/app/cache/prod/classes.php line 4564 [] []
[2012-02-23 13:51:12] request.ERROR: Symfony\Component\HttpKernel\Exception\NotFoundHttpException: No route found for "GET /images/pool_leak.jpg" (uncaught exception) at /home/aoe/workspace/symfony2/app/cache/prod/classes.php line 4564 [] []
[2012-02-23 13:52:21] request.ERROR: Symfony\Component\HttpKernel\Exception\NotFoundHttpException: No route found for "GET /images/pool_leak.jpg" (uncaught exception) at /home/aoe/workspace/symfony2/app/cache/prod/classes.php line 4564 [] []
[2012-02-23 15:01:13] request.ERROR: Symfony\Component\HttpKernel\Exception\NotFoundHttpException: No route found for "GET /images/pool_leak.jpg" (uncaught exception) at /home/aoe/workspace/symfony2/app/cache/prod/classes.php line 4564 [] []
[2012-02-23 15:02:22] request.ERROR: Symfony\Component\HttpKernel\Exception\NotFoundHttpException: No route found for "GET /images/the_grid.jpg" (uncaught exception) at /home/aoe/workspace/symfony2/app/cache/prod/classes.php line 4564 [] []
[2012-02-23 15:06:07] request.ERROR: Symfony\Component\HttpKernel\Exception\NotFoundHttpException: No route found for "GET /images/pool_leak.jpg" (uncaught exception) at /home/aoe/workspace/symfony2/app/cache/prod/classes.php line 4564 [] []
[2012-02-23 15:08:17] request.ERROR: Symfony\Component\HttpKernel\Exception\NotFoundHttpException: No route found for "GET /images/pool_leak.jpg" (uncaught exception) at /home/aoe/workspace/symfony2/app/cache/prod/classes.php line 4564 [] []
[2012-02-23 15:08:30] request.ERROR: Symfony\Component\HttpKernel\Exception\NotFoundHttpException: No route found for "GET /images/pool_leak.jpg" (uncaught exception) at /home/aoe/workspace/symfony2/app/cache/prod/classes.php line 4564 [] []
[2012-02-23 15:16:02] request.ERROR: Symfony\Component\HttpKernel\Exception\NotFoundHttpException: No route found for "GET /images/misdirection.jpg" (uncaught exception) at /home/aoe/workspace/symfony2/app/cache/prod/classes.php line 4564 [] []
[2012-02-23 15:16:02] request.ERROR: Symfony\Component\HttpKernel\Exception\NotFoundHttpException: No route found for "GET /images/pool_leak.jpg" (uncaught exception) at /home/aoe/workspace/symfony2/app/cache/prod/classes.php line 4564 [] []
[2012-02-23 15:16:02] request.ERROR: Symfony\Component\HttpKernel\Exception\NotFoundHttpException: No route found for "GET /images/beach.jpg" (uncaught exception) at /home/aoe/workspace/symfony2/app/cache/prod/classes.php line 4564 [] []
[2012-02-23 15:16:02] request.ERROR: Symfony\Component\HttpKernel\Exception\NotFoundHttpException: No route found for "GET /images/the_grid.jpg" (uncaught exception) at /home/aoe/workspace/symfony2/app/cache/prod/classes.php line 4564 [] []
[2012-02-23 15:16:02] request.ERROR: Symfony\Component\HttpKernel\Exception\NotFoundHttpException: No route found for "GET /images/one_or_zero.jpg" (uncaught exception) at /home/aoe/workspace/symfony2/app/cache/prod/classes.php line 4564 [] []
[2012-02-24 09:16:48] request.ERROR: Symfony\Component\HttpKernel\Exception\NotFoundHttpException: No route found for "GET /images/pool_leak.jpg" (uncaught exception) at /home/aoe/workspace/symfony2/app/cache/prod/classes.php line 4564 [] []
[2012-02-24 09:16:50] request.ERROR: Symfony\Component\HttpKernel\Exception\NotFoundHttpException: No route found for "GET /images/the_grid.jpg" (uncaught exception) at /home/aoe/workspace/symfony2/app/cache/prod/classes.php line 4564 [] []
[2012-02-24 09:16:50] request.ERROR: Symfony\Component\HttpKernel\Exception\NotFoundHttpException: No route found for "GET /images/misdirection.jpg" (uncaught exception) at /home/aoe/workspace/symfony2/app/cache/prod/classes.php line 4564 [] []
[2012-02-24 09:16:50] request.ERROR: Symfony\Component\HttpKernel\Exception\NotFoundHttpException: No route found for "GET /images/beach.jpg" (uncaught exception) at /home/aoe/workspace/symfony2/app/cache/prod/classes.php line 4564 [] []
[2012-02-24 09:16:50] request.ERROR: Symfony\Component\HttpKernel\Exception\NotFoundHttpException: No route found for "GET /images/one_or_zero.jpg" (uncaught exception) at /home/aoe/workspace/symfony2/app/cache/prod/classes.php line 4564 [] []
[2012-02-24 15:11:55] request.ERROR: Symfony\Component\HttpKernel\Exception\NotFoundHttpException: No route found for "GET /images/the_grid.jpg" (uncaught exception) at /home/aoe/workspace/symfony2/app/cache/prod/classes.php line 4564 [] []
[2012-02-24 15:11:55] request.ERROR: Symfony\Component\HttpKernel\Exception\NotFoundHttpException: No route found for "GET /images/beach.jpg" (uncaught exception) at /home/aoe/workspace/symfony2/app/cache/prod/classes.php line 4564 [] []
[2012-02-24 15:11:55] request.ERROR: Symfony\Component\HttpKernel\Exception\NotFoundHttpException: No route found for "GET /images/misdirection.jpg" (uncaught exception) at /home/aoe/workspace/symfony2/app/cache/prod/classes.php line 4564 [] []
[2012-02-24 15:11:55] request.ERROR: Symfony\Component\HttpKernel\Exception\NotFoundHttpException: No route found for "GET /images/one_or_zero.jpg" (uncaught exception) at /home/aoe/workspace/symfony2/app/cache/prod/classes.php line 4564 [] []
[2012-02-24 15:11:55] request.ERROR: Symfony\Component\HttpKernel\Exception\NotFoundHttpException: No route found for "GET /images/pool_leak.jpg" (uncaught exception) at /home/aoe/workspace/symfony2/app/cache/prod/classes.php line 4564 [] []
[2012-02-24 15:22:39] request.ERROR: Symfony\Component\HttpKernel\Exception\NotFoundHttpException: No route found for "GET /images/beach.jpg" (uncaught exception) at /home/aoe/workspace/symfony2/app/cache/prod/classes.php line 4564 [] []
[2012-02-24 15:22:40] request.ERROR: Symfony\Component\HttpKernel\Exception\NotFoundHttpException: No route found for "GET /images/pool_leak.jpg" (uncaught exception) at /home/aoe/workspace/symfony2/app/cache/prod/classes.php line 4564 [] []
[2012-02-24 15:22:40] request.ERROR: Symfony\Component\HttpKernel\Exception\NotFoundHttpException: No route found for "GET /images/misdirection.jpg" (uncaught exception) at /home/aoe/workspace/symfony2/app/cache/prod/classes.php line 4564 [] []
[2012-02-24 15:22:40] request.ERROR: Symfony\Component\HttpKernel\Exception\NotFoundHttpException: No route found for "GET /images/the_grid.jpg" (uncaught exception) at /home/aoe/workspace/symfony2/app/cache/prod/classes.php line 4564 [] []
[2012-02-24 15:22:40] request.ERROR: Symfony\Component\HttpKernel\Exception\NotFoundHttpException: No route found for "GET /images/one_or_zero.jpg" (uncaught exception) at /home/aoe/workspace/symfony2/app/cache/prod/classes.php line 4564 [] []
[2012-02-24 15:23:56] request.ERROR: Symfony\Component\HttpKernel\Exception\NotFoundHttpException: No route found for "GET /images/misdirection.jpg" (uncaught exception) at /home/aoe/workspace/symfony2/app/cache/prod/classes.php line 4564 [] []
[2012-02-24 15:23:56] request.ERROR: Symfony\Component\HttpKernel\Exception\NotFoundHttpException: No route found for "GET /images/the_grid.jpg" (uncaught exception) at /home/aoe/workspace/symfony2/app/cache/prod/classes.php line 4564 [] []
[2012-02-24 15:23:56] request.ERROR: Symfony\Component\HttpKernel\Exception\NotFoundHttpException: No route found for "GET /images/pool_leak.jpg" (uncaught exception) at /home/aoe/workspace/symfony2/app/cache/prod/classes.php line 4564 [] []
[2012-02-24 15:23:56] request.ERROR: Symfony\Component\HttpKernel\Exception\NotFoundHttpException: No route found for "GET /images/one_or_zero.jpg" (uncaught exception) at /home/aoe/workspace/symfony2/app/cache/prod/classes.php line 4564 [] []
[2012-02-24 15:23:56] request.ERROR: Symfony\Component\HttpKernel\Exception\NotFoundHttpException: No route found for "GET /images/beach.jpg" (uncaught exception) at /home/aoe/workspace/symfony2/app/cache/prod/classes.php line 4564 [] []
[2012-02-24 15:23:58] request.ERROR: Symfony\Component\HttpKernel\Exception\NotFoundHttpException: No route found for "GET /images/beach.jpg" (uncaught exception) at /home/aoe/workspace/symfony2/app/cache/prod/classes.php line 4564 [] []
[2012-02-24 15:23:58] request.ERROR: Symfony\Component\HttpKernel\Exception\NotFoundHttpException: No route found for "GET /images/misdirection.jpg" (uncaught exception) at /home/aoe/workspace/symfony2/app/cache/prod/classes.php line 4564 [] []
[2012-02-24 15:23:58] request.ERROR: Symfony\Component\HttpKernel\Exception\NotFoundHttpException: No route found for "GET /images/one_or_zero.jpg" (uncaught exception) at /home/aoe/workspace/symfony2/app/cache/prod/classes.php line 4564 [] []
[2012-02-24 15:23:58] request.ERROR: Symfony\Component\HttpKernel\Exception\NotFoundHttpException: No route found for "GET /images/pool_leak.jpg" (uncaught exception) at /home/aoe/workspace/symfony2/app/cache/prod/classes.php line 4564 [] []
[2012-02-24 15:23:58] request.ERROR: Symfony\Component\HttpKernel\Exception\NotFoundHttpException: No route found for "GET /images/the_grid.jpg" (uncaught exception) at /home/aoe/workspace/symfony2/app/cache/prod/classes.php line 4564 [] []
[2012-02-24 15:23:59] request.ERROR: Symfony\Component\HttpKernel\Exception\NotFoundHttpException: No route found for "GET /images/pool_leak.jpg" (uncaught exception) at /home/aoe/workspace/symfony2/app/cache/prod/classes.php line 4564 [] []
[2012-02-24 15:23:59] request.ERROR: Symfony\Component\HttpKernel\Exception\NotFoundHttpException: No route found for "GET /images/one_or_zero.jpg" (uncaught exception) at /home/aoe/workspace/symfony2/app/cache/prod/classes.php line 4564 [] []
[2012-02-24 15:23:59] request.ERROR: Symfony\Component\HttpKernel\Exception\NotFoundHttpException: No route found for "GET /images/the_grid.jpg" (uncaught exception) at /home/aoe/workspace/symfony2/app/cache/prod/classes.php line 4564 [] []
[2012-02-24 15:23:59] request.ERROR: Symfony\Component\HttpKernel\Exception\NotFoundHttpException: No route found for "GET /images/misdirection.jpg" (uncaught exception) at /home/aoe/workspace/symfony2/app/cache/prod/classes.php line 4564 [] []
[2012-02-24 15:23:59] request.ERROR: Symfony\Component\HttpKernel\Exception\NotFoundHttpException: No route found for "GET /images/beach.jpg" (uncaught exception) at /home/aoe/workspace/symfony2/app/cache/prod/classes.php line 4564 [] []
[2012-02-24 15:24:00] request.ERROR: Symfony\Component\HttpKernel\Exception\NotFoundHttpException: No route found for "GET /images/beach.jpg" (uncaught exception) at /home/aoe/workspace/symfony2/app/cache/prod/classes.php line 4564 [] []
[2012-02-24 15:24:00] request.ERROR: Symfony\Component\HttpKernel\Exception\NotFoundHttpException: No route found for "GET /images/misdirection.jpg" (uncaught exception) at /home/aoe/workspace/symfony2/app/cache/prod/classes.php line 4564 [] []
[2012-02-24 15:24:00] request.ERROR: Symfony\Component\HttpKernel\Exception\NotFoundHttpException: No route found for "GET /images/pool_leak.jpg" (uncaught exception) at /home/aoe/workspace/symfony2/app/cache/prod/classes.php line 4564 [] []
[2012-02-24 15:24:00] request.ERROR: Symfony\Component\HttpKernel\Exception\NotFoundHttpException: No route found for "GET /images/the_grid.jpg" (uncaught exception) at /home/aoe/workspace/symfony2/app/cache/prod/classes.php line 4564 [] []
[2012-02-24 15:24:00] request.ERROR: Symfony\Component\HttpKernel\Exception\NotFoundHttpException: No route found for "GET /images/one_or_zero.jpg" (uncaught exception) at /home/aoe/workspace/symfony2/app/cache/prod/classes.php line 4564 [] []
[2012-02-24 15:24:10] request.ERROR: Symfony\Component\HttpKernel\Exception\NotFoundHttpException: No route found for "GET /images/one_or_zero.jpg" (uncaught exception) at /home/aoe/workspace/symfony2/app/cache/prod/classes.php line 4564 [] []
[2012-02-24 15:24:10] request.ERROR: Symfony\Component\HttpKernel\Exception\NotFoundHttpException: No route found for "GET /images/misdirection.jpg" (uncaught exception) at /home/aoe/workspace/symfony2/app/cache/prod/classes.php line 4564 [] []
[2012-02-24 15:24:10] request.ERROR: Symfony\Component\HttpKernel\Exception\NotFoundHttpException: No route found for "GET /images/pool_leak.jpg" (uncaught exception) at /home/aoe/workspace/symfony2/app/cache/prod/classes.php line 4564 [] []
[2012-02-24 15:24:10] request.ERROR: Symfony\Component\HttpKernel\Exception\NotFoundHttpException: No route found for "GET /images/beach.jpg" (uncaught exception) at /home/aoe/workspace/symfony2/app/cache/prod/classes.php line 4564 [] []
[2012-02-24 15:24:10] request.ERROR: Symfony\Component\HttpKernel\Exception\NotFoundHttpException: No route found for "GET /images/the_grid.jpg" (uncaught exception) at /home/aoe/workspace/symfony2/app/cache/prod/classes.php line 4564 [] []
[2012-02-24 15:24:11] request.ERROR: Symfony\Component\HttpKernel\Exception\NotFoundHttpException: No route found for "GET /images/beach.jpg" (uncaught exception) at /home/aoe/workspace/symfony2/app/cache/prod/classes.php line 4564 [] []
[2012-02-24 15:24:11] request.ERROR: Symfony\Component\HttpKernel\Exception\NotFoundHttpException: No route found for "GET /images/misdirection.jpg" (uncaught exception) at /home/aoe/workspace/symfony2/app/cache/prod/classes.php line 4564 [] []
[2012-02-24 15:24:11] request.ERROR: Symfony\Component\HttpKernel\Exception\NotFoundHttpException: No route found for "GET /images/pool_leak.jpg" (uncaught exception) at /home/aoe/workspace/symfony2/app/cache/prod/classes.php line 4564 [] []
[2012-02-24 15:24:11] request.ERROR: Symfony\Component\HttpKernel\Exception\NotFoundHttpException: No route found for "GET /images/one_or_zero.jpg" (uncaught exception) at /home/aoe/workspace/symfony2/app/cache/prod/classes.php line 4564 [] []
[2012-02-24 15:24:11] request.ERROR: Symfony\Component\HttpKernel\Exception\NotFoundHttpException: No route found for "GET /images/the_grid.jpg" (uncaught exception) at /home/aoe/workspace/symfony2/app/cache/prod/classes.php line 4564 [] []
[2012-02-24 15:24:12] request.ERROR: Symfony\Component\HttpKernel\Exception\NotFoundHttpException: No route found for "GET /images/beach.jpg" (uncaught exception) at /home/aoe/workspace/symfony2/app/cache/prod/classes.php line 4564 [] []
[2012-02-24 15:24:12] request.ERROR: Symfony\Component\HttpKernel\Exception\NotFoundHttpException: No route found for "GET /images/the_grid.jpg" (uncaught exception) at /home/aoe/workspace/symfony2/app/cache/prod/classes.php line 4564 [] []
[2012-02-24 15:24:12] request.ERROR: Symfony\Component\HttpKernel\Exception\NotFoundHttpException: No route found for "GET /images/one_or_zero.jpg" (uncaught exception) at /home/aoe/workspace/symfony2/app/cache/prod/classes.php line 4564 [] []
[2012-02-24 15:24:12] request.ERROR: Symfony\Component\HttpKernel\Exception\NotFoundHttpException: No route found for "GET /images/pool_leak.jpg" (uncaught exception) at /home/aoe/workspace/symfony2/app/cache/prod/classes.php line 4564 [] []
[2012-02-24 15:24:12] request.ERROR: Symfony\Component\HttpKernel\Exception\NotFoundHttpException: No route found for "GET /images/misdirection.jpg" (uncaught exception) at /home/aoe/workspace/symfony2/app/cache/prod/classes.php line 4564 [] []
[2012-02-24 15:24:13] request.ERROR: Symfony\Component\HttpKernel\Exception\NotFoundHttpException: No route found for "GET /images/beach.jpg" (uncaught exception) at /home/aoe/workspace/symfony2/app/cache/prod/classes.php line 4564 [] []
[2012-02-24 15:24:13] request.ERROR: Symfony\Component\HttpKernel\Exception\NotFoundHttpException: No route found for "GET /images/misdirection.jpg" (uncaught exception) at /home/aoe/workspace/symfony2/app/cache/prod/classes.php line 4564 [] []
[2012-02-24 15:24:13] request.ERROR: Symfony\Component\HttpKernel\Exception\NotFoundHttpException: No route found for "GET /images/one_or_zero.jpg" (uncaught exception) at /home/aoe/workspace/symfony2/app/cache/prod/classes.php line 4564 [] []
[2012-02-24 15:24:13] request.ERROR: Symfony\Component\HttpKernel\Exception\NotFoundHttpException: No route found for "GET /images/the_grid.jpg" (uncaught exception) at /home/aoe/workspace/symfony2/app/cache/prod/classes.php line 4564 [] []
[2012-02-24 15:24:13] request.ERROR: Symfony\Component\HttpKernel\Exception\NotFoundHttpException: No route found for "GET /images/pool_leak.jpg" (uncaught exception) at /home/aoe/workspace/symfony2/app/cache/prod/classes.php line 4564 [] []
[2012-02-24 15:24:13] request.ERROR: Symfony\Component\HttpKernel\Exception\NotFoundHttpException: No route found for "GET /images/beach.jpg" (uncaught exception) at /home/aoe/workspace/symfony2/app/cache/prod/classes.php line 4564 [] []
[2012-02-24 15:24:13] request.ERROR: Symfony\Component\HttpKernel\Exception\NotFoundHttpException: No route found for "GET /images/pool_leak.jpg" (uncaught exception) at /home/aoe/workspace/symfony2/app/cache/prod/classes.php line 4564 [] []
[2012-02-24 15:24:13] request.ERROR: Symfony\Component\HttpKernel\Exception\NotFoundHttpException: No route found for "GET /images/the_grid.jpg" (uncaught exception) at /home/aoe/workspace/symfony2/app/cache/prod/classes.php line 4564 [] []
[2012-02-24 15:24:14] request.ERROR: Symfony\Component\HttpKernel\Exception\NotFoundHttpException: No route found for "GET /images/one_or_zero.jpg" (uncaught exception) at /home/aoe/workspace/symfony2/app/cache/prod/classes.php line 4564 [] []
[2012-02-24 15:24:14] request.ERROR: Symfony\Component\HttpKernel\Exception\NotFoundHttpException: No route found for "GET /images/misdirection.jpg" (uncaught exception) at /home/aoe/workspace/symfony2/app/cache/prod/classes.php line 4564 [] []
[2012-02-24 15:24:14] request.ERROR: Symfony\Component\HttpKernel\Exception\NotFoundHttpException: No route found for "GET /images/beach.jpg" (uncaught exception) at /home/aoe/workspace/symfony2/app/cache/prod/classes.php line 4564 [] []
[2012-02-24 15:24:14] request.ERROR: Symfony\Component\HttpKernel\Exception\NotFoundHttpException: No route found for "GET /images/pool_leak.jpg" (uncaught exception) at /home/aoe/workspace/symfony2/app/cache/prod/classes.php line 4564 [] []
[2012-02-24 15:24:14] request.ERROR: Symfony\Component\HttpKernel\Exception\NotFoundHttpException: No route found for "GET /images/misdirection.jpg" (uncaught exception) at /home/aoe/workspace/symfony2/app/cache/prod/classes.php line 4564 [] []
[2012-02-24 15:24:14] request.ERROR: Symfony\Component\HttpKernel\Exception\NotFoundHttpException: No route found for "GET /images/the_grid.jpg" (uncaught exception) at /home/aoe/workspace/symfony2/app/cache/prod/classes.php line 4564 [] []
[2012-02-24 15:24:14] request.ERROR: Symfony\Component\HttpKernel\Exception\NotFoundHttpException: No route found for "GET /images/one_or_zero.jpg" (uncaught exception) at /home/aoe/workspace/symfony2/app/cache/prod/classes.php line 4564 [] []
[2012-02-24 15:24:15] request.ERROR: Symfony\Component\HttpKernel\Exception\NotFoundHttpException: No route found for "GET /images/beach.jpg" (uncaught exception) at /home/aoe/workspace/symfony2/app/cache/prod/classes.php line 4564 [] []
[2012-02-24 15:24:15] request.ERROR: Symfony\Component\HttpKernel\Exception\NotFoundHttpException: No route found for "GET /images/misdirection.jpg" (uncaught exception) at /home/aoe/workspace/symfony2/app/cache/prod/classes.php line 4564 [] []
[2012-02-24 15:24:15] request.ERROR: Symfony\Component\HttpKernel\Exception\NotFoundHttpException: No route found for "GET /images/pool_leak.jpg" (uncaught exception) at /home/aoe/workspace/symfony2/app/cache/prod/classes.php line 4564 [] []
[2012-02-24 15:24:15] request.ERROR: Symfony\Component\HttpKernel\Exception\NotFoundHttpException: No route found for "GET /images/one_or_zero.jpg" (uncaught exception) at /home/aoe/workspace/symfony2/app/cache/prod/classes.php line 4564 [] []
[2012-02-24 15:24:15] request.ERROR: Symfony\Component\HttpKernel\Exception\NotFoundHttpException: No route found for "GET /images/the_grid.jpg" (uncaught exception) at /home/aoe/workspace/symfony2/app/cache/prod/classes.php line 4564 [] []
[2012-02-24 15:24:16] request.ERROR: Symfony\Component\HttpKernel\Exception\NotFoundHttpException: No route found for "GET /images/beach.jpg" (uncaught exception) at /home/aoe/workspace/symfony2/app/cache/prod/classes.php line 4564 [] []
[2012-02-24 15:24:16] request.ERROR: Symfony\Component\HttpKernel\Exception\NotFoundHttpException: No route found for "GET /images/pool_leak.jpg" (uncaught exception) at /home/aoe/workspace/symfony2/app/cache/prod/classes.php line 4564 [] []
[2012-02-24 15:24:16] request.ERROR: Symfony\Component\HttpKernel\Exception\NotFoundHttpException: No route found for "GET /images/the_grid.jpg" (uncaught exception) at /home/aoe/workspace/symfony2/app/cache/prod/classes.php line 4564 [] []
[2012-02-24 15:24:16] request.ERROR: Symfony\Component\HttpKernel\Exception\NotFoundHttpException: No route found for "GET /images/misdirection.jpg" (uncaught exception) at /home/aoe/workspace/symfony2/app/cache/prod/classes.php line 4564 [] []
[2012-02-24 15:24:16] request.ERROR: Symfony\Component\HttpKernel\Exception\NotFoundHttpException: No route found for "GET /images/one_or_zero.jpg" (uncaught exception) at /home/aoe/workspace/symfony2/app/cache/prod/classes.php line 4564 [] []
[2012-02-24 15:24:16] request.ERROR: Symfony\Component\HttpKernel\Exception\NotFoundHttpException: No route found for "GET /images/beach.jpg" (uncaught exception) at /home/aoe/workspace/symfony2/app/cache/prod/classes.php line 4564 [] []
[2012-02-24 15:24:16] request.ERROR: Symfony\Component\HttpKernel\Exception\NotFoundHttpException: No route found for "GET /images/pool_leak.jpg" (uncaught exception) at /home/aoe/workspace/symfony2/app/cache/prod/classes.php line 4564 [] []
[2012-02-24 15:24:16] request.ERROR: Symfony\Component\HttpKernel\Exception\NotFoundHttpException: No route found for "GET /images/misdirection.jpg" (uncaught exception) at /home/aoe/workspace/symfony2/app/cache/prod/classes.php line 4564 [] []
[2012-02-24 15:24:16] request.ERROR: Symfony\Component\HttpKernel\Exception\NotFoundHttpException: No route found for "GET /images/one_or_zero.jpg" (uncaught exception) at /home/aoe/workspace/symfony2/app/cache/prod/classes.php line 4564 [] []
[2012-02-24 15:24:16] request.ERROR: Symfony\Component\HttpKernel\Exception\NotFoundHttpException: No route found for "GET /images/the_grid.jpg" (uncaught exception) at /home/aoe/workspace/symfony2/app/cache/prod/classes.php line 4564 [] []
[2012-02-24 15:48:04] request.ERROR: Symfony\Component\HttpKernel\Exception\NotFoundHttpException: No route found for "GET /images/one_or_zero.jpg" (uncaught exception) at /home/aoe/workspace/symfony2/app/cache/prod/classes.php line 4564 [] []
[2012-02-24 15:48:04] request.ERROR: Symfony\Component\HttpKernel\Exception\NotFoundHttpException: No route found for "GET /images/beach.jpg" (uncaught exception) at /home/aoe/workspace/symfony2/app/cache/prod/classes.php line 4564 [] []
[2012-02-24 15:48:04] request.ERROR: Symfony\Component\HttpKernel\Exception\NotFoundHttpException: No route found for "GET /images/the_grid.jpg" (uncaught exception) at /home/aoe/workspace/symfony2/app/cache/prod/classes.php line 4564 [] []
[2012-02-24 15:48:04] request.ERROR: Symfony\Component\HttpKernel\Exception\NotFoundHttpException: No route found for "GET /images/pool_leak.jpg" (uncaught exception) at /home/aoe/workspace/symfony2/app/cache/prod/classes.php line 4564 [] []
[2012-02-24 15:48:04] request.ERROR: Symfony\Component\HttpKernel\Exception\NotFoundHttpException: No route found for "GET /images/misdirection.jpg" (uncaught exception) at /home/aoe/workspace/symfony2/app/cache/prod/classes.php line 4564 [] []
[2012-02-24 15:57:18] request.ERROR: Symfony\Component\HttpKernel\Exception\NotFoundHttpException: No route found for "GET /images/pool_leak.jpg" (uncaught exception) at /home/aoe/workspace/symfony2/app/cache/prod/classes.php line 4564 [] []
[2012-02-24 15:57:18] request.ERROR: Symfony\Component\HttpKernel\Exception\NotFoundHttpException: No route found for "GET /images/beach.jpg" (uncaught exception) at /home/aoe/workspace/symfony2/app/cache/prod/classes.php line 4564 [] []
[2012-02-24 15:57:18] request.ERROR: Symfony\Component\HttpKernel\Exception\NotFoundHttpException: No route found for "GET /images/misdirection.jpg" (uncaught exception) at /home/aoe/workspace/symfony2/app/cache/prod/classes.php line 4564 [] []
[2012-02-24 15:57:18] request.ERROR: Symfony\Component\HttpKernel\Exception\NotFoundHttpException: No route found for "GET /images/one_or_zero.jpg" (uncaught exception) at /home/aoe/workspace/symfony2/app/cache/prod/classes.php line 4564 [] []
[2012-02-24 15:57:18] request.ERROR: Symfony\Component\HttpKernel\Exception\NotFoundHttpException: No route found for "GET /images/the_grid.jpg" (uncaught exception) at /home/aoe/workspace/symfony2/app/cache/prod/classes.php line 4564 [] []
[2012-02-24 16:05:06] request.ERROR: Symfony\Component\HttpKernel\Exception\NotFoundHttpException: No route found for "GET /images/misdirection.jpg" (uncaught exception) at /home/aoe/workspace/symfony2/app/cache/prod/classes.php line 4564 [] []
[2012-02-24 16:05:06] request.ERROR: Symfony\Component\HttpKernel\Exception\NotFoundHttpException: No route found for "GET /images/one_or_zero.jpg" (uncaught exception) at /home/aoe/workspace/symfony2/app/cache/prod/classes.php line 4564 [] []
[2012-02-24 16:05:06] request.ERROR: Symfony\Component\HttpKernel\Exception\NotFoundHttpException: No route found for "GET /images/the_grid.jpg" (uncaught exception) at /home/aoe/workspace/symfony2/app/cache/prod/classes.php line 4564 [] []
[2012-02-24 16:05:06] request.ERROR: Symfony\Component\HttpKernel\Exception\NotFoundHttpException: No route found for "GET /images/beach.jpg" (uncaught exception) at /home/aoe/workspace/symfony2/app/cache/prod/classes.php line 4564 [] []
[2012-02-24 16:05:06] request.ERROR: Symfony\Component\HttpKernel\Exception\NotFoundHttpException: No route found for "GET /images/pool_leak.jpg" (uncaught exception) at /home/aoe/workspace/symfony2/app/cache/prod/classes.php line 4564 [] []
[2012-02-27 09:35:35] request.ERROR: Symfony\Component\HttpKernel\Exception\NotFoundHttpException: No route found for "GET /images/the_grid.jpg" (uncaught exception) at /home/aoe/workspace/symfony2/vendor/symfony/src/Symfony/Bundle/FrameworkBundle/EventListener/RouterListener.php line 83 [] []
[2012-02-27 09:35:35] request.ERROR: Symfony\Component\HttpKernel\Exception\NotFoundHttpException: No route found for "GET /images/misdirection.jpg" (uncaught exception) at /home/aoe/workspace/symfony2/vendor/symfony/src/Symfony/Bundle/FrameworkBundle/EventListener/RouterListener.php line 83 [] []
[2012-02-27 09:35:35] request.ERROR: Symfony\Component\HttpKernel\Exception\NotFoundHttpException: No route found for "GET /images/pool_leak.jpg" (uncaught exception) at /home/aoe/workspace/symfony2/vendor/symfony/src/Symfony/Bundle/FrameworkBundle/EventListener/RouterListener.php line 83 [] []
[2012-02-27 09:35:35] request.ERROR: Symfony\Component\HttpKernel\Exception\NotFoundHttpException: No route found for "GET /images/one_or_zero.jpg" (uncaught exception) at /home/aoe/workspace/symfony2/vendor/symfony/src/Symfony/Bundle/FrameworkBundle/EventListener/RouterListener.php line 83 [] []
[2012-02-27 09:35:35] request.ERROR: Symfony\Component\HttpKernel\Exception\NotFoundHttpException: No route found for "GET /images/beach.jpg" (uncaught exception) at /home/aoe/workspace/symfony2/vendor/symfony/src/Symfony/Bundle/FrameworkBundle/EventListener/RouterListener.php line 83 [] []
[2012-02-27 09:35:40] request.ERROR: Symfony\Component\HttpKernel\Exception\NotFoundHttpException: No route found for "GET /images/beach.jpg" (uncaught exception) at /home/aoe/workspace/symfony2/vendor/symfony/src/Symfony/Bundle/FrameworkBundle/EventListener/RouterListener.php line 83 [] []
[2012-02-27 10:17:41] request.ERROR: Symfony\Component\HttpKernel\Exception\NotFoundHttpException: No route found for "GET /images/beach.jpg" (uncaught exception) at /home/aoe/workspace/symfony2/app/cache/prod/classes.php line 4564 [] []
[2012-02-27 10:17:41] request.ERROR: Symfony\Component\HttpKernel\Exception\NotFoundHttpException: No route found for "GET /images/the_grid.jpg" (uncaught exception) at /home/aoe/workspace/symfony2/app/cache/prod/classes.php line 4564 [] []
[2012-02-27 10:17:41] request.ERROR: Symfony\Component\HttpKernel\Exception\NotFoundHttpException: No route found for "GET /images/pool_leak.jpg" (uncaught exception) at /home/aoe/workspace/symfony2/app/cache/prod/classes.php line 4564 [] []
[2012-02-27 10:17:41] request.ERROR: Symfony\Component\HttpKernel\Exception\NotFoundHttpException: No route found for "GET /images/one_or_zero.jpg" (uncaught exception) at /home/aoe/workspace/symfony2/app/cache/prod/classes.php line 4564 [] []
[2012-02-27 10:17:41] request.ERROR: Symfony\Component\HttpKernel\Exception\NotFoundHttpException: No route found for "GET /images/misdirection.jpg" (uncaught exception) at /home/aoe/workspace/symfony2/app/cache/prod/classes.php line 4564 [] []
[2012-02-27 10:18:37] request.ERROR: Symfony\Component\HttpKernel\Exception\NotFoundHttpException: No route found for "GET /images/beach.jpg" (uncaught exception) at /home/aoe/workspace/symfony2/app/cache/prod/classes.php line 4564 [] []
[2012-02-27 10:18:37] request.ERROR: Symfony\Component\HttpKernel\Exception\NotFoundHttpException: No route found for "GET /images/the_grid.jpg" (uncaught exception) at /home/aoe/workspace/symfony2/app/cache/prod/classes.php line 4564 [] []
[2012-02-27 10:18:37] request.ERROR: Symfony\Component\HttpKernel\Exception\NotFoundHttpException: No route found for "GET /images/one_or_zero.jpg" (uncaught exception) at /home/aoe/workspace/symfony2/app/cache/prod/classes.php line 4564 [] []
[2012-02-27 10:18:37] request.ERROR: Symfony\Component\HttpKernel\Exception\NotFoundHttpException: No route found for "GET /images/misdirection.jpg" (uncaught exception) at /home/aoe/workspace/symfony2/app/cache/prod/classes.php line 4564 [] []
[2012-02-27 10:18:37] request.ERROR: Symfony\Component\HttpKernel\Exception\NotFoundHttpException: No route found for "GET /images/pool_leak.jpg" (uncaught exception) at /home/aoe/workspace/symfony2/app/cache/prod/classes.php line 4564 [] []
[2012-02-27 17:05:47] request.ERROR: Symfony\Component\HttpKernel\Exception\NotFoundHttpException: No route found for "GET /images/misdirection.jpg" (uncaught exception) at /home/aoe/workspace/symfony2/vendor/symfony/src/Symfony/Bundle/FrameworkBundle/EventListener/RouterListener.php line 83 [] []
[2012-02-27 17:05:47] request.ERROR: Symfony\Component\HttpKernel\Exception\NotFoundHttpException: No route found for "GET /images/one_or_zero.jpg" (uncaught exception) at /home/aoe/workspace/symfony2/vendor/symfony/src/Symfony/Bundle/FrameworkBundle/EventListener/RouterListener.php line 83 [] []
[2012-02-27 17:05:47] request.ERROR: Symfony\Component\HttpKernel\Exception\NotFoundHttpException: No route found for "GET /images/pool_leak.jpg" (uncaught exception) at /home/aoe/workspace/symfony2/vendor/symfony/src/Symfony/Bundle/FrameworkBundle/EventListener/RouterListener.php line 83 [] []
[2012-02-27 17:05:47] request.ERROR: Symfony\Component\HttpKernel\Exception\NotFoundHttpException: No route found for "GET /images/the_grid.jpg" (uncaught exception) at /home/aoe/workspace/symfony2/vendor/symfony/src/Symfony/Bundle/FrameworkBundle/EventListener/RouterListener.php line 83 [] []
[2012-02-28 09:14:34] request.ERROR: Symfony\Component\HttpKernel\Exception\NotFoundHttpException: No route found for "GET /images/misdirection.jpg" (uncaught exception) at /home/aoe/workspace/symfony2/vendor/symfony/src/Symfony/Bundle/FrameworkBundle/EventListener/RouterListener.php line 83 [] []
[2012-02-28 09:14:35] request.ERROR: Symfony\Component\HttpKernel\Exception\NotFoundHttpException: No route found for "GET /images/one_or_zero.jpg" (uncaught exception) at /home/aoe/workspace/symfony2/vendor/symfony/src/Symfony/Bundle/FrameworkBundle/EventListener/RouterListener.php line 83 [] []
[2012-02-28 09:14:35] request.ERROR: Symfony\Component\HttpKernel\Exception\NotFoundHttpException: No route found for "GET /images/beach.jpg" (uncaught exception) at /home/aoe/workspace/symfony2/vendor/symfony/src/Symfony/Bundle/FrameworkBundle/EventListener/RouterListener.php line 83 [] []
[2012-02-28 09:14:35] request.ERROR: Symfony\Component\HttpKernel\Exception\NotFoundHttpException: No route found for "GET /images/the_grid.jpg" (uncaught exception) at /home/aoe/workspace/symfony2/vendor/symfony/src/Symfony/Bundle/FrameworkBundle/EventListener/RouterListener.php line 83 [] []
[2012-02-28 09:14:35] request.ERROR: Symfony\Component\HttpKernel\Exception\NotFoundHttpException: No route found for "GET /images/pool_leak.jpg" (uncaught exception) at /home/aoe/workspace/symfony2/vendor/symfony/src/Symfony/Bundle/FrameworkBundle/EventListener/RouterListener.php line 83 [] []
